\BOOKMARK [0][-]{chapter.1}{Introduction}{}% 1
\BOOKMARK [1][-]{section.1.1}{The Standard Model of Particle Physics}{chapter.1}% 2
\BOOKMARK [1][-]{section.1.2}{Higgs Physics Current Status}{chapter.1}% 3
\BOOKMARK [1][-]{section.1.3}{Higgs as a Probe to New Physics}{chapter.1}% 4
\BOOKMARK [0][-]{chapter.2}{The Large Hadron Collider and the Compact Muon Solenoid Experiment}{}% 5
\BOOKMARK [1][-]{section.2.1}{The LHC Accelerator Complex}{chapter.2}% 6
\BOOKMARK [1][-]{section.2.2}{The CMS Experiment}{chapter.2}% 7
\BOOKMARK [2][-]{subsection.2.2.1}{The CMS Tracking Detectors}{section.2.2}% 8
\BOOKMARK [2][-]{subsection.2.2.2}{The CMS Calorimetry Detectors}{section.2.2}% 9
\BOOKMARK [2][-]{subsection.2.2.3}{The CMS Muon Detectors}{section.2.2}% 10
\BOOKMARK [2][-]{subsection.2.2.4}{The CMS Trigger and Data Acquisition Systems}{section.2.2}% 11
\BOOKMARK [2][-]{subsection.2.2.5}{Object Reconstruction at CMS}{section.2.2}% 12
\BOOKMARK [0][-]{chapter.3}{The CMS Electromagnetic Calorimeter}{}% 13
\BOOKMARK [1][-]{section.3.1}{Detector Components}{chapter.3}% 14
\BOOKMARK [2][-]{subsection.3.1.1}{PbWO4 Crystals and In-detector Electronics}{section.3.1}% 15
\BOOKMARK [2][-]{subsection.3.1.2}{Trigger and Data Acquisition Systems}{section.3.1}% 16
\BOOKMARK [1][-]{section.3.2}{Electron and Photon Energy Reconstruction}{chapter.3}% 17
\BOOKMARK [2][-]{subsection.3.2.1}{Online Reconstruction}{section.3.2}% 18
\BOOKMARK [2][-]{subsection.3.2.2}{Response Monitoring}{section.3.2}% 19
\BOOKMARK [2][-]{subsection.3.2.3}{Intercalibration}{section.3.2}% 20
\BOOKMARK [2][-]{subsection.3.2.4}{Absolute Calibration}{section.3.2}% 21
\BOOKMARK [2][-]{subsection.3.2.5}{High Level Calibrations}{section.3.2}% 22
\BOOKMARK [1][-]{section.3.3}{ECAL Performance with Run II data}{chapter.3}% 23
\BOOKMARK [2][-]{subsection.3.3.1}{Performance}{section.3.3}% 24
\BOOKMARK [1][-]{section.3.4}{The CMS ECAL Barrel Upgrade}{chapter.3}% 25
\BOOKMARK [0][-]{chapter.4}{Exotic Higgs Decays in +MET Final States}{}% 26
\BOOKMARK [1][-]{section.4.1}{Run-1 CMS H+MET Analysis}{chapter.4}% 27
\BOOKMARK [1][-]{section.4.2}{H+MET Projection Studies}{chapter.4}% 28
\BOOKMARK [0][-]{chapter.5}{HH searches with photons and b-jets at CMS Run 2}{}% 29
\BOOKMARK [1][-]{section.5.1}{Introduction}{chapter.5}% 30
\BOOKMARK [2][-]{subsection.5.1.1}{Strategy Summary}{section.5.1}% 31
\BOOKMARK [1][-]{section.5.2}{Samples}{chapter.5}% 32
\BOOKMARK [2][-]{subsection.5.2.1}{Signal MC: resonant production}{section.5.2}% 33
\BOOKMARK [2][-]{subsection.5.2.2}{Signal MC: nonresonant production}{section.5.2}% 34
\BOOKMARK [2][-]{subsection.5.2.3}{Background MC}{section.5.2}% 35
\BOOKMARK [2][-]{subsection.5.2.4}{Data}{section.5.2}% 36
\BOOKMARK [1][-]{section.5.3}{Analysis objects and selection}{chapter.5}% 37
\BOOKMARK [2][-]{subsection.5.3.1}{Triggers And Pre-Selection}{section.5.3}% 38
\BOOKMARK [2][-]{subsection.5.3.2}{Photons}{section.5.3}% 39
\BOOKMARK [2][-]{subsection.5.3.3}{Jets}{section.5.3}% 40
\BOOKMARK [1][-]{section.5.4}{Categorization}{chapter.5}% 41
\BOOKMARK [2][-]{subsection.5.4.1}{MVA Categorization}{section.5.4}% 42
\BOOKMARK [1][-]{section.5.5}{ X and Mass Window Selection}{chapter.5}% 43
\BOOKMARK [1][-]{section.5.6}{Selection Efficiencies}{chapter.5}% 44
\BOOKMARK [1][-]{section.5.7}{Control Plots}{chapter.5}% 45
\BOOKMARK [1][-]{section.5.8}{Statistical Modeling and Limit Extraction}{chapter.5}% 46
\BOOKMARK [2][-]{subsection.5.8.1}{Signal Model}{section.5.8}% 47
\BOOKMARK [2][-]{subsection.5.8.2}{Background Model}{section.5.8}% 48
\BOOKMARK [2][-]{subsection.5.8.3}{Single Higgs Background Modeling}{section.5.8}% 49
\BOOKMARK [1][-]{section.5.9}{Systematics}{chapter.5}% 50
\BOOKMARK [2][-]{subsection.5.9.1}{Signal shape smearings}{section.5.9}% 51
\BOOKMARK [1][-]{section.5.10}{Results}{chapter.5}% 52
\BOOKMARK [1][-]{section.5.11}{BSM Nonresonant Results}{chapter.5}% 53
\BOOKMARK [1][-]{section.5.12}{Summary}{chapter.5}% 54
\BOOKMARK [0][-]{chapter.6}{Conclusions}{}% 55
\BOOKMARK [0][-]{appendix.A}{Sample Title}{}% 56
\BOOKMARK [0][-]{appendix.B}{Sample Title}{}% 57
